<?xml version="1.0" encoding="UTF-8"?>
<!-- Generated by org.testng.reporters.JUnitReportReporter -->
<testsuite hostname="DESKTOP-IJFDGV2" failures="0" tests="1" name="authentication.Login" time="3.544" errors="0" timestamp="2025-09-01T00:13:48 IST" skipped="0">
  <testcase classname="authentication.Login" name="getToken" time="3.544"/>
</testsuite> <!-- authentication.Login -->
